{"level":"info","message":"Request processed - VERY FAST: 0.58ms - POST /api/v1/users/register","method":"POST","responseTime":"0.58ms","service":"default-service-name","statusCode":404,"timeCategory":"VERY FAST","timestamp":"2026-03-01 13:09:43","url":"/api/v1/users/register"}
{"level":"info","message":"Request processed - VERY FAST: 0.26ms - POST /api/v1/user/register","method":"POST","responseTime":"0.26ms","service":"default-service-name","statusCode":404,"timeCategory":"VERY FAST","timestamp":"2026-03-01 13:09:54","url":"/api/v1/user/register"}
{"level":"info","message":"Request processed - NORMAL: 379.83ms - POST /api/v1/auth/register","method":"POST","responseTime":"379.83ms","service":"default-service-name","statusCode":500,"timeCategory":"NORMAL","timestamp":"2026-03-01 13:10:12","url":"/api/v1/auth/register"}
{"level":"info","message":"Request processed - NORMAL: 334.86ms - POST /api/v1/auth/register","method":"POST","responseTime":"334.86ms","service":"default-service-name","statusCode":500,"timeCategory":"NORMAL","timestamp":"2026-03-01 13:13:21","url":"/api/v1/auth/register"}
{"level":"info","message":"Request processed - NORMAL: 285.45ms - POST /api/v1/auth/register","method":"POST","responseTime":"285.45ms","service":"default-service-name","statusCode":500,"timeCategory":"NORMAL","timestamp":"2026-03-01 13:16:13","url":"/api/v1/auth/register"}
{"level":"info","message":"Request processed - NORMAL: 301.29ms - POST /api/v1/auth/register","method":"POST","responseTime":"301.29ms","service":"default-service-name","statusCode":500,"timeCategory":"NORMAL","timestamp":"2026-03-01 13:18:16","url":"/api/v1/auth/register"}
{"level":"info","message":"Request processed - SLOW: 795.05ms - POST /api/v1/auth/register","method":"POST","responseTime":"795.05ms","service":"default-service-name","statusCode":201,"timeCategory":"SLOW","timestamp":"2026-03-01 13:29:22","url":"/api/v1/auth/register"}
{"level":"info","message":"Request processed - VERY_SLOW: 4379.39ms - POST /api/v1/auth/register","method":"POST","responseTime":"4379.39ms","service":"default-service-name","statusCode":201,"timeCategory":"VERY_SLOW","timestamp":"2026-03-01 14:02:09","url":"/api/v1/auth/register"}
{"alert":"SLOW_RESPONSE","level":"warn","message":"Performance concern: POST /api/v1/auth/register","responseTime":"4379.39ms","service":"default-service-name","statusCode":201,"timestamp":"2026-03-01 14:02:09"}
{"level":"info","message":"Request processed - VERY_SLOW: 2341.26ms - POST /api/v1/auth/login","method":"POST","responseTime":"2341.26ms","service":"default-service-name","statusCode":401,"timeCategory":"VERY_SLOW","timestamp":"2026-03-01 15:04:12","url":"/api/v1/auth/login"}
{"alert":"SLOW_RESPONSE","level":"warn","message":"Performance concern: POST /api/v1/auth/login","responseTime":"2341.26ms","service":"default-service-name","statusCode":401,"timestamp":"2026-03-01 15:04:12"}
{"level":"info","message":"Request processed - NORMAL: 385.71ms - POST /api/v1/auth/login","method":"POST","responseTime":"385.71ms","service":"default-service-name","statusCode":401,"timeCategory":"NORMAL","timestamp":"2026-03-01 15:06:04","url":"/api/v1/auth/login"}
{"level":"info","message":"Request processed - VERY_SLOW: 4326.31ms - POST /api/v1/auth/login","method":"POST","responseTime":"4326.31ms","service":"default-service-name","statusCode":200,"timeCategory":"VERY_SLOW","timestamp":"2026-03-01 15:06:27","url":"/api/v1/auth/login"}
{"alert":"SLOW_RESPONSE","level":"warn","message":"Performance concern: POST /api/v1/auth/login","responseTime":"4326.31ms","service":"default-service-name","statusCode":200,"timestamp":"2026-03-01 15:06:27"}
{"level":"info","message":"Request processed - NORMAL: 483.85ms - POST /api/v1/auth/verify-otp","method":"POST","responseTime":"483.85ms","service":"default-service-name","statusCode":200,"timeCategory":"NORMAL","timestamp":"2026-03-01 15:08:01","url":"/api/v1/auth/verify-otp"}
{"level":"info","message":"Request processed - SLOW: 633.45ms - POST /api/v1/auth/login","method":"POST","responseTime":"633.45ms","service":"default-service-name","statusCode":200,"timeCategory":"SLOW","timestamp":"2026-03-01 15:09:02","url":"/api/v1/auth/login"}
{"level":"info","message":"Request processed - VERY_SLOW: 1810.17ms - POST /api/v1/auth/login","method":"POST","responseTime":"1810.17ms","service":"default-service-name","statusCode":200,"timeCategory":"VERY_SLOW","timestamp":"2026-03-01 15:22:07","url":"/api/v1/auth/login"}
{"alert":"SLOW_RESPONSE","level":"warn","message":"Performance concern: POST /api/v1/auth/login","responseTime":"1810.17ms","service":"default-service-name","statusCode":200,"timestamp":"2026-03-01 15:22:07"}
{"level":"info","message":"Request processed - NORMAL: 346.60ms - POST /api/v1/auth/login","method":"POST","responseTime":"346.60ms","service":"default-service-name","statusCode":200,"timeCategory":"NORMAL","timestamp":"2026-03-01 15:25:19","url":"/api/v1/auth/login"}
{"level":"info","message":"Request processed - NORMAL: 243.86ms - GET /api/v1/auth/me","method":"GET","responseTime":"243.86ms","service":"default-service-name","statusCode":400,"timeCategory":"NORMAL","timestamp":"2026-03-01 15:28:24","url":"/api/v1/auth/me"}
{"level":"info","message":"Request processed - VERY FAST: 55.34ms - GET /api/v1/auth/me","method":"GET","responseTime":"55.34ms","service":"default-service-name","statusCode":401,"timeCategory":"VERY FAST","timestamp":"2026-03-01 15:29:23","url":"/api/v1/auth/me"}
{"level":"info","message":"Request processed - VERY FAST: 11.30ms - GET /api/v1/auth/me","method":"GET","responseTime":"11.30ms","service":"default-service-name","statusCode":401,"timeCategory":"VERY FAST","timestamp":"2026-03-01 15:30:54","url":"/api/v1/auth/me"}
{"level":"info","message":"Request processed - VERY FAST: 7.33ms - GET /api/v1/auth/me","method":"GET","responseTime":"7.33ms","service":"default-service-name","statusCode":401,"timeCategory":"VERY FAST","timestamp":"2026-03-01 15:33:54","url":"/api/v1/auth/me"}
{"level":"info","message":"Request processed - SLOW: 725.17ms - POST /api/v1/auth/login","method":"POST","responseTime":"725.17ms","service":"default-service-name","statusCode":200,"timeCategory":"SLOW","timestamp":"2026-03-01 15:34:02","url":"/api/v1/auth/login"}
{"level":"info","message":"Request processed - VERY FAST: 1.24ms - GET /api/v1/auth/me","method":"GET","responseTime":"1.24ms","service":"default-service-name","statusCode":401,"timeCategory":"VERY FAST","timestamp":"2026-03-01 15:34:15","url":"/api/v1/auth/me"}
{"level":"info","message":"Request processed - VERY FAST: 0.70ms - GET /api/v1/auth/me","method":"GET","responseTime":"0.70ms","service":"default-service-name","statusCode":401,"timeCategory":"VERY FAST","timestamp":"2026-03-01 15:34:18","url":"/api/v1/auth/me"}
{"level":"info","message":"Request processed - FAST: 110.97ms - GET /api/v1/auth/me","method":"GET","responseTime":"110.97ms","service":"default-service-name","statusCode":200,"timeCategory":"FAST","timestamp":"2026-03-01 15:36:36","url":"/api/v1/auth/me"}
{"level":"info","message":"Request processed - FAST: 102.08ms - GET /api/v1/auth/me","method":"GET","responseTime":"102.08ms","service":"default-service-name","statusCode":200,"timeCategory":"FAST","timestamp":"2026-03-01 15:41:09","url":"/api/v1/auth/me"}
